Using pre-set license
Built from '2020.3/release' branch; Version is '2020.3.2f1 (8fd9074bf66c) revision 9427207'; Using compiler version '192528614'; Build Type 'Release'
OS: 'Windows 10 Home; OS build 18362.592; Version 1903; 64bit' Language: 'ko' Physical Memory: 16332 MB
BatchMode: 1, IsHumanControllingUs: 0, StartBugReporterOnCrash: 0, Is64bit: 1, IsPro: 0

 COMMAND LINE ARGUMENTS:
D:\unity\2020.3.2f1\Editor\Unity.exe
-adb2
-batchMode
-noUpm
-name
AssetImportWorker0
-projectPath
D:/Github/Unity_RunRun/Unity_AVOID
-logFile
Logs/AssetImportWorker0.log
-srvPort
10521
Successfully changed project path to: D:/Github/Unity_RunRun/Unity_AVOID
D:/Github/Unity_RunRun/Unity_AVOID
Using Asset Import Pipeline V2.
Refreshing native plugins compatible for Editor in 30.43 ms, found 1 plugins.
Preloading 0 native plugins for Editor in 0.00 ms.
Initialize engine version: 2020.3.2f1 (8fd9074bf66c)
[Subsystems] Discovering subsystems at path D:/unity/2020.3.2f1/Editor/Data/Resources/UnitySubsystems
[Subsystems] Discovering subsystems at path D:/Github/Unity_RunRun/Unity_AVOID/Assets
GfxDevice: creating device client; threaded=0
Direct3D:
    Version:  Direct3D 11.0 [level 11.1]
    Renderer: NVIDIA GeForce RTX 2060 SUPER (ID=0x1f06)
    Vendor:   
    VRAM:     8031 MB
    Driver:   27.21.14.6079
Initialize mono
Mono path[0] = 'D:/unity/2020.3.2f1/Editor/Data/Managed'
Mono path[1] = 'D:/unity/2020.3.2f1/Editor/Data/MonoBleedingEdge/lib/mono/unityjit'
Mono config path = 'D:/unity/2020.3.2f1/Editor/Data/MonoBleedingEdge/etc'
Using monoOptions --debugger-agent=transport=dt_socket,embedding=1,server=y,suspend=n,address=127.0.0.1:56372
Begin MonoManager ReloadAssembly
Registering precompiled unity dll's ...
Register platform support module: D:/unity/2020.3.2f1/Editor/Data/PlaybackEngines/WindowsStandaloneSupport/UnityEditor.WindowsStandalone.Extensions.dll
Registered in 0.000844 seconds.
Native extension for WindowsStandalone target not found
Refreshing native plugins compatible for Editor in 32.48 ms, found 1 plugins.
Preloading 0 native plugins for Editor in 0.00 ms.
Invoked RoslynAnalysisRunner static constructor.
RoslynAnalysisRunner will not be running.
RoslynAnalysisRunner has terminated.
Mono: successfully reloaded assembly
- Completed reload, in  1.171 seconds
Platform modules already initialized, skipping
Registering precompiled user dll's ...
Registered in 0.000553 seconds.
Begin MonoManager ReloadAssembly
Native extension for WindowsStandalone target not found
Refreshing native plugins compatible for Editor in 31.94 ms, found 1 plugins.
Preloading 0 native plugins for Editor in 0.00 ms.
Invoked RoslynAnalysisRunner static constructor.
RoslynAnalysisRunner will not be running.
RoslynAnalysisRunner has terminated.
Mono: successfully reloaded assembly
- Completed reload, in  0.768 seconds
Platform modules already initialized, skipping
========================================================================
Worker process is ready to serve import requests
Launched and connected shader compiler UnityShaderCompiler.exe after 0.04 seconds
Refreshing native plugins compatible for Editor in 0.38 ms, found 1 plugins.
Preloading 0 native plugins for Editor in 0.00 ms.
Unloading 1815 Unused Serialized files (Serialized files now loaded: 0)
System memory in use before: 88.1 MB.
System memory in use after: 88.1 MB.

Unloading 24 unused Assets to reduce memory usage. Loaded Objects now: 2262.
Total: 2.133300 ms (FindLiveObjects: 0.218100 ms CreateObjectMapping: 0.043900 ms MarkObjects: 1.746100 ms  DeleteObjects: 0.124200 ms)

========================================================================
Received Import Request.
  path: Assets/05.tilemap/Spike.asset
  artifactKey: Guid(78ef8748b806b7b458fc1d4d7322e6ed) Importer(815301076,1909f56bfc062723c751e8b465ee728b)
Start importing Assets/05.tilemap/Spike.asset using Guid(78ef8748b806b7b458fc1d4d7322e6ed) Importer(815301076,1909f56bfc062723c751e8b465ee728b)  -> (artifact id: 'e1c40f90aa1ed8352c73999cdc1569c5') in 0.099660 seconds
  Import took 0.102768 seconds .

========================================================================
Received Import Request.
  Time since last request: 0.000201 seconds.
  path: Assets/05.tilemap/BGTile (4)_0.asset
  artifactKey: Guid(c692736083c372445adf8bfd0198bc33) Importer(815301076,1909f56bfc062723c751e8b465ee728b)
Start importing Assets/05.tilemap/BGTile (4)_0.asset using Guid(c692736083c372445adf8bfd0198bc33) Importer(815301076,1909f56bfc062723c751e8b465ee728b)  -> (artifact id: 'd31cec2fed0b31663211b9681ee2e551') in 0.011874 seconds
  Import took 0.015040 seconds .

========================================================================
Received Import Request.
  Time since last request: 0.000170 seconds.
  path: Assets/05.tilemap/floor.prefab
  artifactKey: Guid(819dc1e9b330aa549a39663f86c9642c) Importer(815301076,1909f56bfc062723c751e8b465ee728b)
Start importing Assets/05.tilemap/floor.prefab using Guid(819dc1e9b330aa549a39663f86c9642c) Importer(815301076,1909f56bfc062723c751e8b465ee728b)  -> (artifact id: '9f2403c8a98a63dd2a352fe6e9b3c12d') in 0.015126 seconds
  Import took 0.018334 seconds .

========================================================================
Received Import Request.
  Time since last request: 0.000192 seconds.
  path: Assets/05.tilemap/BGTile (4).asset
  artifactKey: Guid(6fec459a768914f4da8d5de6df71903b) Importer(815301076,1909f56bfc062723c751e8b465ee728b)
Start importing Assets/05.tilemap/BGTile (4).asset using Guid(6fec459a768914f4da8d5de6df71903b) Importer(815301076,1909f56bfc062723c751e8b465ee728b)  -> (artifact id: '12126607ff849440023975e4165295a0') in 0.006186 seconds
  Import took 0.009186 seconds .

========================================================================
Received Import Request.
  Time since last request: 0.000185 seconds.
  path: Assets/05.tilemap/BGTile (6).asset
  artifactKey: Guid(8fc0f04e18014ba4690ff8b85fc21b0d) Importer(815301076,1909f56bfc062723c751e8b465ee728b)
Start importing Assets/05.tilemap/BGTile (6).asset using Guid(8fc0f04e18014ba4690ff8b85fc21b0d) Importer(815301076,1909f56bfc062723c751e8b465ee728b)  -> (artifact id: 'a6cdcce63f0070f3a517795d0f7e7665') in 0.008328 seconds
  Import took 0.010890 seconds .

========================================================================
Received Import Request.
  Time since last request: 21.454550 seconds.
  path: Assets/02.Script/Attack.cs
  artifactKey: Guid(9bb5f7a6000e4dd44be1636f3ff54b17) Importer(815301076,1909f56bfc062723c751e8b465ee728b)
Start importing Assets/02.Script/Attack.cs using Guid(9bb5f7a6000e4dd44be1636f3ff54b17) Importer(815301076,1909f56bfc062723c751e8b465ee728b)  -> (artifact id: '243bb396084e6091ac00d8e1d61df31b') in 0.084011 seconds
  Import took 0.087031 seconds .

========================================================================
Received Prepare
Registering precompiled user dll's ...
Registered in 0.000990 seconds.
Begin MonoManager ReloadAssembly
Native extension for WindowsStandalone target not found
Refreshing native plugins compatible for Editor in 0.45 ms, found 1 plugins.
Preloading 0 native plugins for Editor in 0.00 ms.
Invoked RoslynAnalysisRunner static constructor.
RoslynAnalysisRunner will not be running.
RoslynAnalysisRunner has terminated.
Mono: successfully reloaded assembly
- Completed reload, in  0.794 seconds
Platform modules already initialized, skipping
Refreshing native plugins compatible for Editor in 0.43 ms, found 1 plugins.
Preloading 0 native plugins for Editor in 0.00 ms.
Unloading 1810 Unused Serialized files (Serialized files now loaded: 0)
System memory in use before: 91.2 MB.
System memory in use after: 91.1 MB.

Unloading 12 unused Assets to reduce memory usage. Loaded Objects now: 2270.
Total: 2.240000 ms (FindLiveObjects: 0.267300 ms CreateObjectMapping: 0.038700 ms MarkObjects: 1.831100 ms  DeleteObjects: 0.101700 ms)

AssetImportWorkerClient::OnTransportError - code=2 error=End of file
